DEBUG:2018-06-24 11:26:50   执行SQL:select * from member  com.accp.dao.BaseDao.executeQuery(BaseDao.java:66)  
DEBUG:2018-06-24 11:27:21   执行SQL:delete from member where id=9  com.accp.dao.BaseDao.executeUpdate(BaseDao.java:38)  
DEBUG:2018-06-24 11:27:22   执行SQL:select * from member  com.accp.dao.BaseDao.executeQuery(BaseDao.java:66)  
DEBUG:2018-10-18 10:14:48   执行SQL:select * from member  com.accp.dao.BaseDao.executeQuery(BaseDao.java:69)  
DEBUG:2018-10-18 10:14:56   执行SQL:select * from member  com.accp.dao.BaseDao.executeQuery(BaseDao.java:69)  
DEBUG:2018-10-18 10:14:56   执行SQL:select * from member  com.accp.dao.BaseDao.executeQuery(BaseDao.java:69)  
DEBUG:2018-10-18 10:15:37   执行SQL:insert into member(username,upwd) values('aa',123)  com.accp.dao.BaseDao.executeUpdate(BaseDao.java:41)  
DEBUG:2018-10-18 10:15:37   执行SQL:select * from member  com.accp.dao.BaseDao.executeQuery(BaseDao.java:69)  
DEBUG:2018-10-18 10:15:37   执行SQL:insert into member(username,upwd) values('aa',123)  com.accp.dao.BaseDao.executeUpdate(BaseDao.java:41)  
DEBUG:2018-10-18 10:15:37   执行SQL:select * from member  com.accp.dao.BaseDao.executeQuery(BaseDao.java:69)  
DEBUG:2018-10-18 10:16:16   执行SQL:insert into member(username,upwd) values('aa',123)  com.accp.dao.BaseDao.executeUpdate(BaseDao.java:41)  
DEBUG:2018-10-18 10:16:17   执行SQL:select * from member  com.accp.dao.BaseDao.executeQuery(BaseDao.java:69)  
DEBUG:2018-10-18 10:16:17   执行SQL:insert into member(username,upwd) values('aa',123)  com.accp.dao.BaseDao.executeUpdate(BaseDao.java:41)  
DEBUG:2018-10-18 10:16:17   执行SQL:select * from member  com.accp.dao.BaseDao.executeQuery(BaseDao.java:69)  
DEBUG:2018-10-18 10:16:44   执行SQL:insert into member(username,upwd) values('aa',123)  com.accp.dao.BaseDao.executeUpdate(BaseDao.java:41)  
DEBUG:2018-10-18 10:16:44   执行SQL:select * from member  com.accp.dao.BaseDao.executeQuery(BaseDao.java:69)  
DEBUG:2018-10-18 10:16:44   执行SQL:insert into member(username,upwd) values('aa',123)  com.accp.dao.BaseDao.executeUpdate(BaseDao.java:41)  
DEBUG:2018-10-18 10:16:44   执行SQL:select * from member  com.accp.dao.BaseDao.executeQuery(BaseDao.java:69)  
DEBUG:2018-10-19 11:39:38   执行SQL:select * from member  com.accp.dao.BaseDao.executeQuery(BaseDao.java:69)  
DEBUG:2018-10-19 11:40:23   执行SQL:insert into member(username,upwd) values('小红',123)  com.accp.dao.BaseDao.executeUpdate(BaseDao.java:41)  
DEBUG:2018-10-19 11:40:24   执行SQL:select * from member  com.accp.dao.BaseDao.executeQuery(BaseDao.java:69)  
DEBUG:2018-10-19 11:45:36   执行SQL:insert into member(username,upwd) values('小红',123)  com.accp.dao.BaseDao.executeUpdate(BaseDao.java:41)  
DEBUG:2018-10-19 11:45:36   执行SQL:select * from member  com.accp.dao.BaseDao.executeQuery(BaseDao.java:69)  
DEBUG:2018-11-17 16:21:53   执行SQL:insert into member(username,upwd) values('小红',123)  com.accp.dao.BaseDao.executeUpdate(BaseDao.java:41)  
DEBUG:2018-11-17 16:21:53   执行SQL:select * from member  com.accp.dao.BaseDao.executeQuery(BaseDao.java:69)  
DEBUG:2018-11-17 16:25:10   执行SQL:insert into member(username,upwd) values('小红',123)  com.accp.dao.BaseDao.executeUpdate(BaseDao.java:41)  
DEBUG:2018-11-17 16:25:10   执行SQL:select * from member  com.accp.dao.BaseDao.executeQuery(BaseDao.java:69)  
DEBUG:2019-04-25 11:18:25   执行SQL:insert into member(username,upwd) values('小红',123)  com.accp.dao.BaseDao.executeUpdate(BaseDao.java:41)  
DEBUG:2019-04-25 11:18:26   执行SQL:select * from member  com.accp.dao.BaseDao.executeQuery(BaseDao.java:69)  
DEBUG:2019-04-25 11:21:01   执行SQL:insert into member(username,upwd) values('sa',123)  com.accp.dao.BaseDao.executeUpdate(BaseDao.java:41)  
DEBUG:2019-04-25 11:21:23   执行SQL:insert into member(username,upwd) values('sa',123)  com.accp.dao.BaseDao.executeUpdate(BaseDao.java:41)  
DEBUG:2019-04-25 11:21:24   执行SQL:select * from member  com.accp.dao.BaseDao.executeQuery(BaseDao.java:69)  
DEBUG:2019-04-25 16:08:37   执行SQL:insert into member(username,upwd) values('afu',123)  com.accp.dao.BaseDao.executeUpdate(BaseDao.java:41)  
DEBUG:2019-04-25 16:09:42   执行SQL:insert into member(username,upwd) values('afu',123)  com.accp.dao.BaseDao.executeUpdate(BaseDao.java:41)  
DEBUG:2019-04-25 16:11:10   执行SQL:insert into member(username,upwd) values('sa',123)  com.accp.dao.BaseDao.executeUpdate(BaseDao.java:41)  
